\BOOKMARK [1][-]{section.1}{Introduction}{}% 1
\BOOKMARK [1][-]{section.2}{Utilities for Analysis}{}% 2
\BOOKMARK [2][-]{subsection.2.1}{Necessity for average utilities}{section.2}% 3
\BOOKMARK [2][-]{subsection.2.2}{Utility Descriptions}{section.2}% 4
\BOOKMARK [3][-]{subsubsection.2.2.1}{Player Score}{subsection.2.2}% 5
\BOOKMARK [3][-]{subsubsection.2.2.2}{Number of Empty Cells}{subsection.2.2}% 6
\BOOKMARK [3][-]{subsubsection.2.2.3}{Number of Road Cells}{subsection.2.2}% 7
\BOOKMARK [3][-]{subsubsection.2.2.4}{Utility of Water/Park Cells}{subsection.2.2}% 8
\BOOKMARK [2][-]{subsection.2.3}{Discussion of Utilities}{section.2}% 9
\BOOKMARK [1][-]{section.3}{Strategies}{}% 10
\BOOKMARK [2][-]{subsection.3.1}{Algorithm process}{section.3}% 11
\BOOKMARK [2][-]{subsection.3.2}{Building Placement}{section.3}% 12
\BOOKMARK [3][-]{subsubsection.3.2.1}{global: row-by-row}{subsection.3.2}% 13
\BOOKMARK [3][-]{subsubsection.3.2.2}{global: diagonal}{subsection.3.2}% 14
\BOOKMARK [3][-]{subsubsection.3.2.3}{global: residences at center, factories on edges}{subsection.3.2}% 15
\BOOKMARK [3][-]{subsubsection.3.2.4}{perimeter}{subsection.3.2}% 16
\BOOKMARK [3][-]{subsubsection.3.2.5}{number of components}{subsection.3.2}% 17
\BOOKMARK [2][-]{subsection.3.3}{Road Construction}{section.3}% 18
\BOOKMARK [3][-]{subsubsection.3.3.1}{Shortest path approach}{subsection.3.3}% 19
\BOOKMARK [3][-]{subsubsection.3.3.2}{Road pre-building}{subsection.3.3}% 20
\BOOKMARK [3][-]{subsubsection.3.3.3}{close to the buildings}{subsection.3.3}% 21
\BOOKMARK [2][-]{subsection.3.4}{Ponds and Fields}{section.3}% 22
\BOOKMARK [2][-]{subsection.3.5}{Adjusting Placement for Each Move}{section.3}% 23
\BOOKMARK [1][-]{section.4}{Adversarial Distribution}{}% 24
\BOOKMARK [1][-]{section.5}{Tournament Analysis}{}% 25
